Build started 5/12/2016 4:22:54 PM.
     1>Project "C:\Users\eyoung18\Documents\GitHub\CS172FINAL_PROJECT\pantry inventory\pantry inventory\pantry inventory.vcxproj" on node 2 (Build target(s)).
     1>ClCompile:
         C:\Program Files (x86)\Microsoft Visual Studio 14.0\VC\bin\CL.exe /c /ZI /nologo /W3 /WX- /Od /Oy- /D WIN32 /D _DEBUG /D _CONSOLE /D _UNICODE /D UNICODE /Gm /EHsc /RTC1 /MDd /GS /fp:precise /Zc:wchar_t /Zc:forScope /Zc:inline /Fo"Debug\\" /Fd"Debug\vc140.pdb" /Gd /TP /analyze- /errorReport:prompt PANTRY.cpp
         PANTRY.cpp
     1>c:\users\eyoung18\documents\github\cs172final_project\pantry inventory\pantry inventory\pantry.cpp(40): warning C4018: '<': signed/unsigned mismatch
     1>c:\users\eyoung18\documents\github\cs172final_project\pantry inventory\pantry inventory\pantry.cpp(63): warning C4018: '<': signed/unsigned mismatch
     1>c:\users\eyoung18\documents\github\cs172final_project\pantry inventory\pantry inventory\pantry.cpp(102): warning C4018: '<': signed/unsigned mismatch
     1>c:\users\eyoung18\documents\github\cs172final_project\pantry inventory\pantry inventory\pantry.cpp(104): warning C4018: '<': signed/unsigned mismatch
     1>c:\users\eyoung18\documents\github\cs172final_project\pantry inventory\pantry inventory\pantry.cpp(125): warning C4018: '<': signed/unsigned mismatch
     1>c:\users\eyoung18\documents\github\cs172final_project\pantry inventory\pantry inventory\pantry.cpp(71): warning C4996: 'fopen': This function or variable may be unsafe. Consider using fopen_s instead. To disable deprecation, use _CRT_SECURE_NO_WARNINGS. See online help for details.
         c:\program files (x86)\windows kits\10\include\10.0.10150.0\ucrt\stdio.h(205): note: see declaration of 'fopen'
     1>c:\users\eyoung18\documents\github\cs172final_project\pantry inventory\pantry inventory\pantry.cpp(75): warning C4996: 'fopen': This function or variable may be unsafe. Consider using fopen_s instead. To disable deprecation, use _CRT_SECURE_NO_WARNINGS. See online help for details.
         c:\program files (x86)\windows kits\10\include\10.0.10150.0\ucrt\stdio.h(205): note: see declaration of 'fopen'
     1>c:\users\eyoung18\documents\github\cs172final_project\pantry inventory\pantry inventory\pantry.cpp(79): warning C4996: 'fopen': This function or variable may be unsafe. Consider using fopen_s instead. To disable deprecation, use _CRT_SECURE_NO_WARNINGS. See online help for details.
         c:\program files (x86)\windows kits\10\include\10.0.10150.0\ucrt\stdio.h(205): note: see declaration of 'fopen'
     1>c:\users\eyoung18\documents\github\cs172final_project\pantry inventory\pantry inventory\pantry.cpp(83): warning C4996: 'fopen': This function or variable may be unsafe. Consider using fopen_s instead. To disable deprecation, use _CRT_SECURE_NO_WARNINGS. See online help for details.
         c:\program files (x86)\windows kits\10\include\10.0.10150.0\ucrt\stdio.h(205): note: see declaration of 'fopen'
     1>c:\users\eyoung18\documents\github\cs172final_project\pantry inventory\pantry inventory\pantry.cpp(87): warning C4996: 'fopen': This function or variable may be unsafe. Consider using fopen_s instead. To disable deprecation, use _CRT_SECURE_NO_WARNINGS. See online help for details.
         c:\program files (x86)\windows kits\10\include\10.0.10150.0\ucrt\stdio.h(205): note: see declaration of 'fopen'
     1>c:\users\eyoung18\documents\github\cs172final_project\pantry inventory\pantry inventory\pantry.cpp(91): warning C4996: 'fopen': This function or variable may be unsafe. Consider using fopen_s instead. To disable deprecation, use _CRT_SECURE_NO_WARNINGS. See online help for details.
         c:\program files (x86)\windows kits\10\include\10.0.10150.0\ucrt\stdio.h(205): note: see declaration of 'fopen'
     1>c:\users\eyoung18\documents\github\cs172final_project\pantry inventory\pantry inventory\pantry.cpp(95): warning C4996: 'fopen': This function or variable may be unsafe. Consider using fopen_s instead. To disable deprecation, use _CRT_SECURE_NO_WARNINGS. See online help for details.
         c:\program files (x86)\windows kits\10\include\10.0.10150.0\ucrt\stdio.h(205): note: see declaration of 'fopen'
     1>c:\users\eyoung18\documents\github\cs172final_project\pantry inventory\pantry inventory\pantry.cpp(99): warning C4996: 'fopen': This function or variable may be unsafe. Consider using fopen_s instead. To disable deprecation, use _CRT_SECURE_NO_WARNINGS. See online help for details.
         c:\program files (x86)\windows kits\10\include\10.0.10150.0\ucrt\stdio.h(205): note: see declaration of 'fopen'
     1>c:\users\eyoung18\documents\github\cs172final_project\pantry inventory\pantry inventory\pantry.cpp(138): warning C4018: '<': signed/unsigned mismatch
       Link:
         C:\Program Files (x86)\Microsoft Visual Studio 14.0\VC\bin\link.exe /ERRORREPORT:PROMPT /OUT:"C:\Users\eyoung18\Documents\GitHub\CS172FINAL_PROJECT\pantry inventory\Debug\pantry inventory.exe" /INCREMENTAL /NOLOGO kernel32.lib user32.lib gdi32.lib winspool.lib comdlg32.lib advapi32.lib shell32.lib ole32.lib oleaut32.lib uuid.lib odbc32.lib odbccp32.lib /MANIFEST /MANIFESTUAC:"level='asInvoker' uiAccess='false'" /manifest:embed /Debug /PDB:"C:\Users\eyoung18\Documents\GitHub\CS172FINAL_PROJECT\pantry inventory\Debug\pantry inventory.pdb" /SUBSYSTEM:CONSOLE /TLBID:1 /DYNAMICBASE /NXCOMPAT /IMPLIB:"C:\Users\eyoung18\Documents\GitHub\CS172FINAL_PROJECT\pantry inventory\Debug\pantry inventory.lib" /MACHINE:X86 Debug\AAmain.obj
         Debug\PANTRY.obj
         Debug\addInventory.obj
         Debug\removeInventory.obj
         Debug\listPantry.obj
         Debug\clearPantry.obj
         pantry inventory.vcxproj -> C:\Users\eyoung18\Documents\GitHub\CS172FINAL_PROJECT\pantry inventory\Debug\pantry inventory.exe
     1>Done Building Project "C:\Users\eyoung18\Documents\GitHub\CS172FINAL_PROJECT\pantry inventory\pantry inventory\pantry inventory.vcxproj" (Build target(s)).

Build succeeded.

Time Elapsed 00:00:00.75
